[debug] [2019-05-08T18:38:50.355Z] ----------------------------------------------------------------------
[debug] [2019-05-08T18:38:50.357Z] Command:       C:\Program Files\nodejs\node.exe C:\Users\Dmitrijs\AppData\Roaming\npm\node_modules\firebase-tools\lib\bin\firebase.js functions:shell --port 9090
[debug] [2019-05-08T18:38:50.357Z] CLI Version:   6.9.0
[debug] [2019-05-08T18:38:50.357Z] Platform:      win32
[debug] [2019-05-08T18:38:50.357Z] Node Version:  v12.2.0
[debug] [2019-05-08T18:38:50.358Z] Time:          Wed May 08 2019 21:38:50 GMT+0300 (GMT+03:00)
[debug] [2019-05-08T18:38:50.358Z] ----------------------------------------------------------------------
[debug] 
[debug] [2019-05-08T18:38:50.384Z] > command requires scopes: ["email","openid","https://www.googleapis.com/auth/cloudplatformprojects.readonly","https://www.googleapis.com/auth/firebase","https://www.googleapis.com/auth/cloud-platform"]
[debug] [2019-05-08T18:38:50.385Z] > authorizing via signed-in user
[debug] [2019-05-08T18:38:50.385Z] [iam] checking project matgraph for permissions ["firebase.projects.get"]
[debug] [2019-05-08T18:38:50.386Z] > refreshing access token with scopes: ["email","https://www.googleapis.com/auth/cloud-platform","https://www.googleapis.com/auth/cloudplatformprojects.readonly","https://www.googleapis.com/auth/firebase","openid"]
[debug] [2019-05-08T18:38:50.386Z] >>> HTTP REQUEST POST https://www.googleapis.com/oauth2/v3/token  
 <request body omitted>
[debug] [2019-05-08T18:38:50.666Z] <<< HTTP RESPONSE 200
[debug] [2019-05-08T18:38:50.675Z] >>> HTTP REQUEST POST https://cloudresourcemanager.googleapis.com/v1/projects/matgraph:testIamPermissions  

[debug] [2019-05-08T18:38:51.684Z] <<< HTTP RESPONSE 200
[warn] !  Your requested "node" version "11.x" doesn't match your global version "12"
[debug] [2019-05-08T18:38:51.690Z] >>> HTTP REQUEST GET https://cloudresourcemanager.googleapis.com/v1/projects/matgraph  
 
[debug] [2019-05-08T18:38:51.954Z] <<< HTTP RESPONSE 200
[debug] [2019-05-08T18:38:51.954Z] >>> HTTP REQUEST GET https://mobilesdk-pa.googleapis.com/v1/projects/507428284933:getServerAppConfig  
 
[debug] [2019-05-08T18:38:52.266Z] <<< HTTP RESPONSE 200
[info] +  functions: Emulator running at http://localhost:5001
[debug] [2019-05-08T18:41:25.222Z] ----------------------------------------------------------------------
[debug] [2019-05-08T18:41:25.224Z] Command:       C:\Program Files\nodejs\node.exe C:\Users\Dmitrijs\AppData\Roaming\npm\node_modules\firebase-tools\lib\bin\firebase.js functions:shell --port 9090
[debug] [2019-05-08T18:41:25.225Z] CLI Version:   6.9.0
[debug] [2019-05-08T18:41:25.225Z] Platform:      win32
[debug] [2019-05-08T18:41:25.225Z] Node Version:  v12.2.0
[debug] [2019-05-08T18:41:25.226Z] Time:          Wed May 08 2019 21:41:25 GMT+0300 (GMT+03:00)
[debug] [2019-05-08T18:41:25.226Z] ----------------------------------------------------------------------
[debug] 
[debug] [2019-05-08T18:41:25.233Z] > command requires scopes: ["email","openid","https://www.googleapis.com/auth/cloudplatformprojects.readonly","https://www.googleapis.com/auth/firebase","https://www.googleapis.com/auth/cloud-platform"]
[debug] [2019-05-08T18:41:25.233Z] > authorizing via signed-in user
[debug] [2019-05-08T18:41:25.233Z] [iam] checking project matgraph for permissions ["firebase.projects.get"]
[debug] [2019-05-08T18:41:25.234Z] >>> HTTP REQUEST POST https://cloudresourcemanager.googleapis.com/v1/projects/matgraph:testIamPermissions  

[debug] [2019-05-08T18:41:26.258Z] <<< HTTP RESPONSE 200
[warn] !  Your requested "node" version "11.x" doesn't match your global version "12"
[debug] [2019-05-08T18:41:26.267Z] >>> HTTP REQUEST GET https://cloudresourcemanager.googleapis.com/v1/projects/matgraph  
 
[debug] [2019-05-08T18:41:27.281Z] <<< HTTP RESPONSE 200
[debug] [2019-05-08T18:41:27.281Z] >>> HTTP REQUEST GET https://mobilesdk-pa.googleapis.com/v1/projects/507428284933:getServerAppConfig  
 
[debug] [2019-05-08T18:41:27.786Z] <<< HTTP RESPONSE 200
[info] +  functions: Emulator running at http://localhost:5001
[debug] [2019-05-08T18:41:27.800Z] Error: listen EADDRINUSE: address already in use :::5001
    at Server.setupListenHandle [as _listen2] (net.js:1226:14)
    at listenInCluster (net.js:1274:12)
    at Server.listen (net.js:1362:7)
    at Function.listen (C:\Users\Dmitrijs\AppData\Roaming\npm\node_modules\firebase-tools\node_modules\express\lib\application.js:618:24)
    at FunctionsEmulator.<anonymous> (C:\Users\Dmitrijs\AppData\Roaming\npm\node_modules\firebase-tools\lib\emulator\functionsEmulator.js:139:31)
    at Generator.next (<anonymous>)
    at fulfilled (C:\Users\Dmitrijs\AppData\Roaming\npm\node_modules\firebase-tools\lib\emulator\functionsEmulator.js:4:58)
    at processTicksAndRejections (internal/process/task_queues.js:89:5)
[error] 
[error] Error: An unexpected error has occurred.
[debug] [2019-05-08T18:41:39.110Z] ----------------------------------------------------------------------
[debug] [2019-05-08T18:41:39.113Z] Command:       C:\Program Files\nodejs\node.exe C:\Users\Dmitrijs\AppData\Roaming\npm\node_modules\firebase-tools\lib\bin\firebase.js functions:shell --port 9090
[debug] [2019-05-08T18:41:39.113Z] CLI Version:   6.9.0
[debug] [2019-05-08T18:41:39.113Z] Platform:      win32
[debug] [2019-05-08T18:41:39.113Z] Node Version:  v12.2.0
[debug] [2019-05-08T18:41:39.114Z] Time:          Wed May 08 2019 21:41:39 GMT+0300 (GMT+03:00)
[debug] [2019-05-08T18:41:39.114Z] ----------------------------------------------------------------------
[debug] 
[debug] [2019-05-08T18:41:39.121Z] > command requires scopes: ["email","openid","https://www.googleapis.com/auth/cloudplatformprojects.readonly","https://www.googleapis.com/auth/firebase","https://www.googleapis.com/auth/cloud-platform"]
[debug] [2019-05-08T18:41:39.122Z] > authorizing via signed-in user
[debug] [2019-05-08T18:41:39.122Z] [iam] checking project matgraph for permissions ["firebase.projects.get"]
[debug] [2019-05-08T18:41:39.123Z] >>> HTTP REQUEST POST https://cloudresourcemanager.googleapis.com/v1/projects/matgraph:testIamPermissions  

[debug] [2019-05-08T18:41:40.108Z] <<< HTTP RESPONSE 200
[warn] !  Your requested "node" version "11.x" doesn't match your global version "12"
[debug] [2019-05-08T18:41:40.117Z] >>> HTTP REQUEST GET https://cloudresourcemanager.googleapis.com/v1/projects/matgraph  
 
[debug] [2019-05-08T18:41:41.129Z] <<< HTTP RESPONSE 200
[debug] [2019-05-08T18:41:41.129Z] >>> HTTP REQUEST GET https://mobilesdk-pa.googleapis.com/v1/projects/507428284933:getServerAppConfig  
 
[debug] [2019-05-08T18:41:41.375Z] <<< HTTP RESPONSE 200
[info] +  functions: Emulator running at http://localhost:5001
[debug] [2019-05-08T18:41:41.389Z] Error: listen EADDRINUSE: address already in use :::5001
    at Server.setupListenHandle [as _listen2] (net.js:1226:14)
    at listenInCluster (net.js:1274:12)
    at Server.listen (net.js:1362:7)
    at Function.listen (C:\Users\Dmitrijs\AppData\Roaming\npm\node_modules\firebase-tools\node_modules\express\lib\application.js:618:24)
    at FunctionsEmulator.<anonymous> (C:\Users\Dmitrijs\AppData\Roaming\npm\node_modules\firebase-tools\lib\emulator\functionsEmulator.js:139:31)
    at Generator.next (<anonymous>)
    at fulfilled (C:\Users\Dmitrijs\AppData\Roaming\npm\node_modules\firebase-tools\lib\emulator\functionsEmulator.js:4:58)
    at processTicksAndRejections (internal/process/task_queues.js:89:5)
[error] 
[error] Error: An unexpected error has occurred.
[debug] [2019-05-08T18:42:22.504Z] ----------------------------------------------------------------------
[debug] [2019-05-08T18:42:22.506Z] Command:       C:\Program Files\nodejs\node.exe C:\Users\Dmitrijs\AppData\Roaming\npm\node_modules\firebase-tools\lib\bin\firebase.js functions:shell
[debug] [2019-05-08T18:42:22.506Z] CLI Version:   6.9.0
[debug] [2019-05-08T18:42:22.506Z] Platform:      win32
[debug] [2019-05-08T18:42:22.506Z] Node Version:  v12.2.0
[debug] [2019-05-08T18:42:22.507Z] Time:          Wed May 08 2019 21:42:22 GMT+0300 (GMT+03:00)
[debug] [2019-05-08T18:42:22.507Z] ----------------------------------------------------------------------
[debug] 
[debug] [2019-05-08T18:42:22.513Z] > command requires scopes: ["email","openid","https://www.googleapis.com/auth/cloudplatformprojects.readonly","https://www.googleapis.com/auth/firebase","https://www.googleapis.com/auth/cloud-platform"]
[debug] [2019-05-08T18:42:22.514Z] > authorizing via signed-in user
[debug] [2019-05-08T18:42:22.514Z] [iam] checking project matgraph for permissions ["firebase.projects.get"]
[debug] [2019-05-08T18:42:22.515Z] >>> HTTP REQUEST POST https://cloudresourcemanager.googleapis.com/v1/projects/matgraph:testIamPermissions  

[debug] [2019-05-08T18:42:23.615Z] <<< HTTP RESPONSE 200
[warn] !  Your requested "node" version "11.x" doesn't match your global version "12"
[debug] [2019-05-08T18:42:23.622Z] >>> HTTP REQUEST GET https://cloudresourcemanager.googleapis.com/v1/projects/matgraph  
 
[debug] [2019-05-08T18:42:23.892Z] <<< HTTP RESPONSE 200
[debug] [2019-05-08T18:42:23.893Z] >>> HTTP REQUEST GET https://mobilesdk-pa.googleapis.com/v1/projects/507428284933:getServerAppConfig  
 
[debug] [2019-05-08T18:42:24.362Z] <<< HTTP RESPONSE 200
[info] +  functions: Emulator running at http://localhost:5001
[debug] [2019-05-08T18:42:24.376Z] Error: listen EADDRINUSE: address already in use :::5001
    at Server.setupListenHandle [as _listen2] (net.js:1226:14)
    at listenInCluster (net.js:1274:12)
    at Server.listen (net.js:1362:7)
    at Function.listen (C:\Users\Dmitrijs\AppData\Roaming\npm\node_modules\firebase-tools\node_modules\express\lib\application.js:618:24)
    at FunctionsEmulator.<anonymous> (C:\Users\Dmitrijs\AppData\Roaming\npm\node_modules\firebase-tools\lib\emulator\functionsEmulator.js:139:31)
    at Generator.next (<anonymous>)
    at fulfilled (C:\Users\Dmitrijs\AppData\Roaming\npm\node_modules\firebase-tools\lib\emulator\functionsEmulator.js:4:58)
    at processTicksAndRejections (internal/process/task_queues.js:89:5)
[error] 
[error] Error: An unexpected error has occurred.
[debug] [2019-05-08T18:52:05.023Z] ----------------------------------------------------------------------
[debug] [2019-05-08T18:52:05.026Z] Command:       C:\Program Files\nodejs\node.exe C:\Users\Dmitrijs\AppData\Roaming\npm\node_modules\firebase-tools\lib\bin\firebase.js functions:shell --port 9090
[debug] [2019-05-08T18:52:05.026Z] CLI Version:   6.9.0
[debug] [2019-05-08T18:52:05.026Z] Platform:      win32
[debug] [2019-05-08T18:52:05.026Z] Node Version:  v12.2.0
[debug] [2019-05-08T18:52:05.027Z] Time:          Wed May 08 2019 21:52:05 GMT+0300 (GMT+03:00)
[debug] [2019-05-08T18:52:05.027Z] ----------------------------------------------------------------------
[debug] 
[debug] [2019-05-08T18:52:05.056Z] > command requires scopes: ["email","openid","https://www.googleapis.com/auth/cloudplatformprojects.readonly","https://www.googleapis.com/auth/firebase","https://www.googleapis.com/auth/cloud-platform"]
[debug] [2019-05-08T18:52:05.056Z] > authorizing via signed-in user
[debug] [2019-05-08T18:52:05.056Z] [iam] checking project matgraph for permissions ["firebase.projects.get"]
[debug] [2019-05-08T18:52:05.057Z] >>> HTTP REQUEST POST https://cloudresourcemanager.googleapis.com/v1/projects/matgraph:testIamPermissions  

[debug] [2019-05-08T18:52:05.085Z] Error: getaddrinfo ENOTFOUND cloudresourcemanager.googleapis.com
    at GetAddrInfoReqWrap.onlookup [as oncomplete] (dns.js:60:26)
[error] 
[error] Error: Server Error. getaddrinfo ENOTFOUND cloudresourcemanager.googleapis.com
